[2026-02-06 21:12:44] Server starting on port 8080
[2026-02-06 21:12:44] Server listening on 8080
[2026-02-06 21:13:11] REQUEST_REGISTER (no token provided)
[2026-02-06 21:13:11] REQUEST_REGISTER created token=827ee0372bda69cf5483793257a1abb9
[2026-02-06 21:13:54] ACTIVATE_REGISTER token=827ee0372bda69cf5483793257a1abb9
[2026-02-06 21:13:54] ACTIVATE_REGISTER success token=827ee0372bda69cf5483793257a1abb9 days=29
[2026-02-06 21:14:18] CHECK token=827ee0372bda69cf5483793257a1abb9
[2026-02-06 21:15:16] REQUEST_RENEW token=827ee0372bda69cf5483793257a1abb9
[2026-02-06 21:15:16] REQUEST_RENEW pending for token=827ee0372bda69cf5483793257a1abb9
[2026-02-06 21:15:53] ACTIVATE_RENEW token=827ee0372bda69cf5483793257a1abb9
[2026-02-06 21:15:53] ACTIVATE_RENEW success token=827ee0372bda69cf5483793257a1abb9 days=27
[2026-02-06 21:16:02] CHECK token=827ee0372bda69cf5483793257a1abb9
[2026-02-06 23:06:48] Server starting on port 8080
[2026-02-06 23:06:48] Server listening on 8080
[2026-02-06 23:06:58] REQUEST_REGISTER (no token provided)
[2026-02-06 23:06:58] REQUEST_REGISTER created token=cbc400695bb9a64aea778f32323f9334
[2026-02-06 23:07:20] ACTIVATE_REGISTER token=cbc400695bb9a64aea778f32323f9334
[2026-02-06 23:07:20] ACTIVATE_REGISTER duration=4 months
[2026-02-06 23:07:20] ACTIVATE_REGISTER success token=cbc400695bb9a64aea778f32323f9334 seconds_left=10368000
[2026-02-06 23:07:27] CHECK token=cbc400695bb9a64aea778f32323f9334
[2026-02-06 23:08:06] CHECK token=cbc400695bb9a64aea778f32323f9334
[2026-02-06 23:08:08] REQUEST_RENEW token=cbc400695bb9a64aea778f32323f9334
[2026-02-06 23:08:08] REQUEST_RENEW pending for token=cbc400695bb9a64aea778f32323f9334
[2026-02-06 23:08:12] CHECK token=cbc400695bb9a64aea778f32323f9334
[2026-02-06 23:08:26] ACTIVATE_RENEW token=cbc400695bb9a64aea778f32323f9334
[2026-02-06 23:08:26] ACTIVATE_RENEW duration=3 years
[2026-02-06 23:08:26] ACTIVATE_RENEW success token=cbc400695bb9a64aea778f32323f9334 seconds_left=105062334
[2026-02-06 23:11:28] Connection closed
[2026-02-06 23:11:32] Server starting on port 8080
[2026-02-06 23:11:32] Server listening on 8080
[2026-02-06 23:11:44] REQUEST_REGISTER (no token provided)
[2026-02-06 23:11:44] REQUEST_REGISTER created token=8255fa8f9cd495cb64c94faff1031661
[2026-02-06 23:12:02] ACTIVATE_REGISTER token=8255fa8f9cd495cb64c94faff1031661
[2026-02-06 23:12:02] ACTIVATE_REGISTER duration=1 years
[2026-02-06 23:12:02] ACTIVATE_REGISTER success token=8255fa8f9cd495cb64c94faff1031661 seconds_left=31536000
[2026-02-06 23:12:10] CHECK token=8255fa8f9cd495cb64c94faff1031661
